2018-04-30T13:04:21+00:00 CRITICAL Uncaught Error: Class 'XMLReader' not found in /var/www/html/brogaard/wp-content/plugins/one-click-demo-import/vendor/proteusthemes/wp-content-importer-v2/src/WXRImporter.php:123
Stack trace:
#0 /var/www/html/brogaard/wp-content/plugins/one-click-demo-import/vendor/proteusthemes/wp-content-importer-v2/src/WXRImporter.php(331): ProteusThemes\WPContentImporter2\WXRImporter->get_reader('/var/www/html/b...')
#1 /var/www/html/brogaard/wp-content/plugins/one-click-demo-import/inc/Importer.php(80): ProteusThemes\WPContentImporter2\WXRImporter->import('/var/www/html/b...')
#2 /var/www/html/brogaard/wp-content/plugins/one-click-demo-import/inc/Importer.php(137): OCDI\Importer->import('/var/www/html/b...')
#3 /var/www/html/brogaard/wp-content/plugins/one-click-demo-import/inc/OneClickDemoImport.php(294): OCDI\Importer->import_content('/var/www/html/b...')
#4 /var/www/html/brogaard/wp-includes/class-wp-hook.php(286): OCDI\OneClickDemoImport->import_demo_data_ajax_callback('')
#5 /var/www/html/brogaard/wp-includes/class-

2018-04-30T13:05:31+00:00 CRITICAL Uncaught Error: Class 'XMLReader' not found in /var/www/html/brogaard/wp-content/plugins/one-click-demo-import/vendor/proteusthemes/wp-content-importer-v2/src/WXRImporter.php:123
Stack trace:
#0 /var/www/html/brogaard/wp-content/plugins/one-click-demo-import/vendor/proteusthemes/wp-content-importer-v2/src/WXRImporter.php(331): ProteusThemes\WPContentImporter2\WXRImporter->get_reader('/var/www/html/b...')
#1 /var/www/html/brogaard/wp-content/plugins/one-click-demo-import/inc/Importer.php(80): ProteusThemes\WPContentImporter2\WXRImporter->import('/var/www/html/b...')
#2 /var/www/html/brogaard/wp-content/plugins/one-click-demo-import/inc/Importer.php(137): OCDI\Importer->import('/var/www/html/b...')
#3 /var/www/html/brogaard/wp-content/plugins/one-click-demo-import/inc/OneClickDemoImport.php(294): OCDI\Importer->import_content('/var/www/html/b...')
#4 /var/www/html/brogaard/wp-includes/class-wp-hook.php(286): OCDI\OneClickDemoImport->import_demo_data_ajax_callback('')
#5 /var/www/html/brogaard/wp-includes/class-

2018-04-30T13:22:37+00:00 CRITICAL Uncaught Error: Class 'XMLReader' not found in /var/www/html/brogaard/wp-content/plugins/one-click-demo-import/vendor/proteusthemes/wp-content-importer-v2/src/WXRImporter.php:123
Stack trace:
#0 /var/www/html/brogaard/wp-content/plugins/one-click-demo-import/vendor/proteusthemes/wp-content-importer-v2/src/WXRImporter.php(331): ProteusThemes\WPContentImporter2\WXRImporter->get_reader('/var/www/html/b...')
#1 /var/www/html/brogaard/wp-content/plugins/one-click-demo-import/inc/Importer.php(80): ProteusThemes\WPContentImporter2\WXRImporter->import('/var/www/html/b...')
#2 /var/www/html/brogaard/wp-content/plugins/one-click-demo-import/inc/Importer.php(137): OCDI\Importer->import('/var/www/html/b...')
#3 /var/www/html/brogaard/wp-content/plugins/one-click-demo-import/inc/OneClickDemoImport.php(294): OCDI\Importer->import_content('/var/www/html/b...')
#4 /var/www/html/brogaard/wp-includes/class-wp-hook.php(286): OCDI\OneClickDemoImport->import_demo_data_ajax_callback('')
#5 /var/www/html/brogaard/wp-includes/class-

2018-04-30T13:25:01+00:00 CRITICAL Uncaught Error: Class 'XMLReader' not found in /var/www/html/brogaard/wp-content/plugins/one-click-demo-import/vendor/proteusthemes/wp-content-importer-v2/src/WXRImporter.php:123
Stack trace:
#0 /var/www/html/brogaard/wp-content/plugins/one-click-demo-import/vendor/proteusthemes/wp-content-importer-v2/src/WXRImporter.php(331): ProteusThemes\WPContentImporter2\WXRImporter->get_reader('/var/www/html/b...')
#1 /var/www/html/brogaard/wp-content/plugins/one-click-demo-import/inc/Importer.php(80): ProteusThemes\WPContentImporter2\WXRImporter->import('/var/www/html/b...')
#2 /var/www/html/brogaard/wp-content/plugins/one-click-demo-import/inc/Importer.php(137): OCDI\Importer->import('/var/www/html/b...')
#3 /var/www/html/brogaard/wp-content/plugins/one-click-demo-import/inc/OneClickDemoImport.php(294): OCDI\Importer->import_content('/var/www/html/b...')
#4 /var/www/html/brogaard/wp-includes/class-wp-hook.php(286): OCDI\OneClickDemoImport->import_demo_data_ajax_callback('')
#5 /var/www/html/brogaard/wp-includes/class-

2018-04-30T13:51:26+00:00 CRITICAL Uncaught Error: Class 'XMLReader' not found in /var/www/html/brogaard/wp-content/plugins/one-click-demo-import/vendor/proteusthemes/wp-content-importer-v2/src/WXRImporter.php:123
Stack trace:
#0 /var/www/html/brogaard/wp-content/plugins/one-click-demo-import/vendor/proteusthemes/wp-content-importer-v2/src/WXRImporter.php(331): ProteusThemes\WPContentImporter2\WXRImporter->get_reader('/var/www/html/b...')
#1 /var/www/html/brogaard/wp-content/plugins/one-click-demo-import/inc/Importer.php(80): ProteusThemes\WPContentImporter2\WXRImporter->import('/var/www/html/b...')
#2 /var/www/html/brogaard/wp-content/plugins/one-click-demo-import/inc/Importer.php(137): OCDI\Importer->import('/var/www/html/b...')
#3 /var/www/html/brogaard/wp-content/plugins/one-click-demo-import/inc/OneClickDemoImport.php(294): OCDI\Importer->import_content('/var/www/html/b...')
#4 /var/www/html/brogaard/wp-includes/class-wp-hook.php(286): OCDI\OneClickDemoImport->import_demo_data_ajax_callback('')
#5 /var/www/html/brogaard/wp-includes/class-

2018-05-01T14:58:07+00:00 CRITICAL Maximum execution time of 30 seconds exceeded

2018-05-01T17:25:44+00:00 CRITICAL Maximum execution time of 30 seconds exceeded

2018-05-01T17:25:47+00:00 CRITICAL Maximum execution time of 30 seconds exceeded

2018-05-11T15:44:33+00:00 CRITICAL Maximum execution time of 30 seconds exceeded

2018-05-11T18:17:55+00:00 CRITICAL Maximum execution time of 30 seconds exceeded

2018-05-11T18:21:34+00:00 CRITICAL Maximum execution time of 30 seconds exceeded

2018-05-12T05:08:00+00:00 CRITICAL Maximum execution time of 30 seconds exceeded

2018-05-12T14:00:52+00:00 CRITICAL Maximum execution time of 30 seconds exceeded

2018-05-12T15:25:18+00:00 CRITICAL Maximum execution time of 30 seconds exceeded

2018-05-12T16:14:03+00:00 CRITICAL Maximum execution time of 30 seconds exceeded

2018-05-12T16:15:00+00:00 CRITICAL Maximum execution time of 30 seconds exceeded

2018-05-12T17:37:20+00:00 CRITICAL Maximum execution time of 30 seconds exceeded

2018-05-12T19:37:28+00:00 CRITICAL Maximum execution time of 30 seconds exceeded

2018-05-12T19:37:32+00:00 CRITICAL Maximum execution time of 30 seconds exceeded

2018-05-13T05:38:05+00:00 CRITICAL Maximum execution time of 30 seconds exceeded

2018-05-13T05:47:48+00:00 CRITICAL Maximum execution time of 30 seconds exceeded

2018-05-13T05:48:25+00:00 CRITICAL Maximum execution time of 30 seconds exceeded

2018-05-13T06:49:02+00:00 CRITICAL Maximum execution time of 30 seconds exceeded

2018-05-13T08:46:31+00:00 CRITICAL Maximum execution time of 30 seconds exceeded

2018-05-13T08:47:07+00:00 CRITICAL Maximum execution time of 30 seconds exceeded

2018-05-13T08:55:42+00:00 CRITICAL Maximum execution time of 30 seconds exceeded

2018-05-13T08:56:13+00:00 CRITICAL Maximum execution time of 30 seconds exceeded

2018-05-13T09:11:38+00:00 CRITICAL Maximum execution time of 30 seconds exceeded

2018-05-13T15:21:05+00:00 CRITICAL Maximum execution time of 30 seconds exceeded

2018-05-13T15:32:33+00:00 CRITICAL Maximum execution time of 30 seconds exceeded

2018-05-13T15:45:35+00:00 CRITICAL Maximum execution time of 30 seconds exceeded

2018-05-15T15:28:28+00:00 CRITICAL Maximum execution time of 30 seconds exceeded

2018-05-15T15:37:40+00:00 CRITICAL Maximum execution time of 30 seconds exceeded

2018-05-15T16:55:24+00:00 CRITICAL Maximum execution time of 30 seconds exceeded

2018-05-15T17:06:26+00:00 CRITICAL Maximum execution time of 30 seconds exceeded

2018-05-15T17:18:21+00:00 CRITICAL Maximum execution time of 30 seconds exceeded

2018-05-15T17:23:45+00:00 CRITICAL Maximum execution time of 30 seconds exceeded

2018-05-16T05:54:16+00:00 CRITICAL Maximum execution time of 30 seconds exceeded

2018-05-16T06:22:51+00:00 CRITICAL Maximum execution time of 30 seconds exceeded

2018-05-16T06:22:54+00:00 CRITICAL Maximum execution time of 30 seconds exceeded

2018-05-16T07:25:35+00:00 CRITICAL Maximum execution time of 30 seconds exceeded

2018-05-16T07:25:49+00:00 CRITICAL Maximum execution time of 30 seconds exceeded

2018-05-16T07:25:58+00:00 CRITICAL Maximum execution time of 30 seconds exceeded

2018-05-16T07:26:00+00:00 CRITICAL Maximum execution time of 30 seconds exceeded

2018-05-16T07:26:07+00:00 CRITICAL Maximum execution time of 30 seconds exceeded

2018-05-16T07:26:20+00:00 CRITICAL Maximum execution time of 30 seconds exceeded

2018-05-16T07:26:22+00:00 CRITICAL Maximum execution time of 30 seconds exceeded

2018-05-16T07:26:22+00:00 CRITICAL Maximum execution time of 30 seconds exceeded

2018-05-16T07:26:22+00:00 CRITICAL Maximum execution time of 30 seconds exceeded

2018-05-16T07:26:22+00:00 CRITICAL Maximum execution time of 30 seconds exceeded

2018-05-16T07:26:24+00:00 CRITICAL Maximum execution time of 30 seconds exceeded

2018-05-16T07:26:24+00:00 CRITICAL Maximum execution time of 30 seconds exceeded

2018-05-16T07:26:24+00:00 CRITICAL Maximum execution time of 30 seconds exceeded

2018-05-16T07:26:24+00:00 CRITICAL Maximum execution time of 30 seconds exceeded

2018-05-16T07:26:24+00:00 CRITICAL Maximum execution time of 30 seconds exceeded

2018-05-16T07:26:24+00:00 CRITICAL Maximum execution time of 30 seconds exceeded

2018-05-16T07:26:24+00:00 CRITICAL Maximum execution time of 30 seconds exceeded

2018-05-16T07:26:24+00:00 CRITICAL Maximum execution time of 30 seconds exceeded

2018-05-16T07:26:24+00:00 CRITICAL Maximum execution time of 30 seconds exceeded

2018-05-16T07:26:25+00:00 CRITICAL Maximum execution time of 30 seconds exceeded

2018-05-16T10:19:02+00:00 CRITICAL Maximum execution time of 30 seconds exceeded

2018-05-16T10:19:23+00:00 CRITICAL Maximum execution time of 30 seconds exceeded

2018-05-16T10:19:44+00:00 CRITICAL Maximum execution time of 30 seconds exceeded

2018-05-16T10:20:00+00:00 CRITICAL Maximum execution time of 30 seconds exceeded

2018-05-16T10:31:43+00:00 CRITICAL Maximum execution time of 30 seconds exceeded

2018-05-16T13:00:27+00:00 CRITICAL Maximum execution time of 30 seconds exceeded

2018-05-16T13:12:26+00:00 CRITICAL Maximum execution time of 30 seconds exceeded

2018-05-16T13:47:55+00:00 CRITICAL Maximum execution time of 30 seconds exceeded

2018-05-16T13:48:03+00:00 CRITICAL Maximum execution time of 30 seconds exceeded

2018-05-16T15:05:00+00:00 CRITICAL Maximum execution time of 30 seconds exceeded

2018-05-16T15:27:47+00:00 CRITICAL Maximum execution time of 30 seconds exceeded

2018-05-16T16:41:10+00:00 CRITICAL Maximum execution time of 30 seconds exceeded

2018-05-16T17:15:39+00:00 CRITICAL Maximum execution time of 30 seconds exceeded

2018-05-16T17:49:22+00:00 CRITICAL Maximum execution time of 30 seconds exceeded

